# JRE version: OpenJDK Runtime Environment (8.0_242-b01) (build 1.8.0_242-release-1644-b01)
# Java VM: OpenJDK 64-Bit Server VM (25.242-b01 mixed mode windows-amd64 compressed oops)
Heap:
 PSYoungGen      total 567296K, used 434789K [0x00000000d5580000, 0x00000000ff900000, 0x0000000100000000)
  eden space 454144K, 84% used [0x00000000d5580000,0x00000000ecdd0f40,0x00000000f1100000)
  from space 113152K, 43% used [0x00000000f1100000,0x00000000f4148810,0x00000000f7f80000)
  to   space 110592K, 0% used [0x00000000f8d00000,0x00000000f8d00000,0x00000000ff900000)
 ParOldGen       total 394752K, used 259134K [0x0000000080000000, 0x0000000098180000, 0x00000000d5580000)
  object space 394752K, 65% used [0x0000000080000000,0x000000008fd0f898,0x0000000098180000)
 Metaspace       used 123101K, capacity 133135K, committed 133416K, reserved 1165312K
  class space    used 15645K, capacity 17336K, committed 17456K, reserved 1048576K
GC Heap History (10 events):
Event: 3005.482 GC heap before
{Heap before GC invocations=62 (full 5):
 PSYoungGen      total 569344K, used 499596K [0x00000000d5580000, 0x0000000100000000, 0x0000000100000000)
  eden space 433152K, 100% used [0x00000000d5580000,0x00000000efc80000,0x00000000efc80000)
  from space 136192K, 48% used [0x00000000f7b00000,0x00000000fbbe32a8,0x0000000100000000)
  to   space 129536K, 0% used [0x00000000efc80000,0x00000000efc80000,0x00000000f7b00000)
 ParOldGen       total 394752K, used 256749K [0x0000000080000000, 0x0000000098180000, 0x00000000d5580000)
  object space 394752K, 65% used [0x0000000080000000,0x000000008fabb5a0,0x0000000098180000)
 Metaspace       used 122747K, capacity 132609K, committed 132776K, reserved 1165312K
  class space    used 15629K, capacity 17315K, committed 17328K, reserved 1048576K
Event: 3005.517 GC heap after
Heap after GC invocations=62 (full 5):
 PSYoungGen      total 484352K, used 50872K [0x00000000d5580000, 0x00000000ff280000, 0x0000000100000000)
  eden space 433152K, 0% used [0x00000000d5580000,0x00000000d5580000,0x00000000efc80000)
  from space 51200K, 99% used [0x00000000efc80000,0x00000000f2e2e188,0x00000000f2e80000)
  to   space 125952K, 0% used [0x00000000f7780000,0x00000000f7780000,0x00000000ff280000)
 ParOldGen       total 394752K, used 259118K [0x0000000080000000, 0x0000000098180000, 0x00000000d5580000)
  object space 394752K, 65% used [0x0000000080000000,0x000000008fd0b898,0x0000000098180000)
 Metaspace       used 122747K, capacity 132609K, committed 132776K, reserved 1165312K
  class space    used 15629K, capacity 17315K, committed 17328K, reserved 1048576K
}
Event: 3006.795 GC heap before
{Heap before GC invocations=63 (full 5):
 PSYoungGen      total 484352K, used 484024K [0x00000000d5580000, 0x00000000ff280000, 0x0000000100000000)
  eden space 433152K, 100% used [0x00000000d5580000,0x00000000efc80000,0x00000000efc80000)
  from space 51200K, 99% used [0x00000000efc80000,0x00000000f2e2e188,0x00000000f2e80000)
  to   space 125952K, 0% used [0x00000000f7780000,0x00000000f7780000,0x00000000ff280000)
 ParOldGen       total 394752K, used 259118K [0x0000000080000000, 0x0000000098180000, 0x00000000d5580000)
  object space 394752K, 65% used [0x0000000080000000,0x000000008fd0b898,0x0000000098180000)
 Metaspace       used 122808K, capacity 132681K, committed 132776K, reserved 1165312K
  class space    used 15630K, capacity 17315K, committed 17328K, reserved 1048576K
Event: 3006.833 GC heap after
Heap after GC invocations=63 (full 5):
 PSYoungGen      total 564224K, used 62931K [0x00000000d5580000, 0x0000000100000000, 0x0000000100000000)
  eden space 438272K, 0% used [0x00000000d5580000,0x00000000d5580000,0x00000000f0180000)
  from space 125952K, 49% used [0x00000000f7780000,0x00000000fb4f4ed0,0x00000000ff280000)
  to   space 120832K, 0% used [0x00000000f0180000,0x00000000f0180000,0x00000000f7780000)
 ParOldGen       total 394752K, used 259126K [0x0000000080000000, 0x0000000098180000, 0x00000000d5580000)
  object space 394752K, 65% used [0x0000000080000000,0x000000008fd0d898,0x0000000098180000)
 Metaspace       used 122808K, capacity 132681K, committed 132776K, reserved 1165312K
  class space    used 15630K, capacity 17315K, committed 17328K, reserved 1048576K
}
Event: 3126.433 GC heap before
{Heap before GC invocations=64 (full 5):
 PSYoungGen      total 564224K, used 501203K [0x00000000d5580000, 0x0000000100000000, 0x0000000100000000)
  eden space 438272K, 100% used [0x00000000d5580000,0x00000000f0180000,0x00000000f0180000)
  from space 125952K, 49% used [0x00000000f7780000,0x00000000fb4f4ed0,0x00000000ff280000)
  to   space 120832K, 0% used [0x00000000f0180000,0x00000000f0180000,0x00000000f7780000)
 ParOldGen       total 394752K, used 259126K [0x0000000080000000, 0x0000000098180000, 0x00000000d5580000)
  object space 394752K, 65% used [0x0000000080000000,0x000000008fd0d898,0x0000000098180000)
 Metaspace       used 122872K, capacity 132809K, committed 133032K, reserved 1165312K
  class space    used 15637K, capacity 17325K, committed 17328K, reserved 1048576K
Event: 3126.483 GC heap after
Heap after GC invocations=64 (full 5):
 PSYoungGen      total 559104K, used 65413K [0x00000000d5580000, 0x00000000ff000000, 0x0000000100000000)
  eden space 438272K, 0% used [0x00000000d5580000,0x00000000d5580000,0x00000000f0180000)
  from space 120832K, 54% used [0x00000000f0180000,0x00000000f4161700,0x00000000f7780000)
  to   space 115200K, 0% used [0x00000000f7f80000,0x00000000f7f80000,0x00000000ff000000)
 ParOldGen       total 394752K, used 259126K [0x0000000080000000, 0x0000000098180000, 0x00000000d5580000)
  object space 394752K, 65% used [0x0000000080000000,0x000000008fd0d898,0x0000000098180000)
 Metaspace       used 122872K, capacity 132809K, committed 133032K, reserved 1165312K
  class space    used 15637K, capacity 17325K, committed 17328K, reserved 1048576K
}
Event: 3241.421 GC heap before
{Heap before GC invocations=65 (full 5):
 PSYoungGen      total 559104K, used 503685K [0x00000000d5580000, 0x00000000ff000000, 0x0000000100000000)
  eden space 438272K, 100% used [0x00000000d5580000,0x00000000f0180000,0x00000000f0180000)
  from space 120832K, 54% used [0x00000000f0180000,0x00000000f4161700,0x00000000f7780000)
  to   space 115200K, 0% used [0x00000000f7f80000,0x00000000f7f80000,0x00000000ff000000)
 ParOldGen       total 394752K, used 259126K [0x0000000080000000, 0x0000000098180000, 0x00000000d5580000)
  object space 394752K, 65% used [0x0000000080000000,0x000000008fd0d898,0x0000000098180000)
 Metaspace       used 122974K, capacity 133049K, committed 133416K, reserved 1165312K
  class space    used 15643K, capacity 17333K, committed 17456K, reserved 1048576K
Event: 3241.448 GC heap after
Heap after GC invocations=65 (full 5):
 PSYoungGen      total 569344K, used 47969K [0x00000000d5580000, 0x00000000ff680000, 0x0000000100000000)
  eden space 454144K, 0% used [0x00000000d5580000,0x00000000d5580000,0x00000000f1100000)
  from space 115200K, 41% used [0x00000000f7f80000,0x00000000fae58790,0x00000000ff000000)
  to   space 113152K, 0% used [0x00000000f1100000,0x00000000f1100000,0x00000000f7f80000)
 ParOldGen       total 394752K, used 259134K [0x0000000080000000, 0x0000000098180000, 0x00000000d5580000)
  object space 394752K, 65% used [0x0000000080000000,0x000000008fd0f898,0x0000000098180000)
 Metaspace       used 122974K, capacity 133049K, committed 133416K, reserved 1165312K
  class space    used 15643K, capacity 17333K, committed 17456K, reserved 1048576K
}
Event: 3298.575 GC heap before
{Heap before GC invocations=66 (full 5):
 PSYoungGen      total 569344K, used 502113K [0x00000000d5580000, 0x00000000ff680000, 0x0000000100000000)
  eden space 454144K, 100% used [0x00000000d5580000,0x00000000f1100000,0x00000000f1100000)
  from space 115200K, 41% used [0x00000000f7f80000,0x00000000fae58790,0x00000000ff000000)
  to   space 113152K, 0% used [0x00000000f1100000,0x00000000f1100000,0x00000000f7f80000)
 ParOldGen       total 394752K, used 259134K [0x0000000080000000, 0x0000000098180000, 0x00000000d5580000)
  object space 394752K, 65% used [0x0000000080000000,0x000000008fd0f898,0x0000000098180000)
 Metaspace       used 123088K, capacity 133135K, committed 133416K, reserved 1165312K
  class space    used 15645K, capacity 17336K, committed 17456K, reserved 1048576K
Event: 3298.611 GC heap after
Heap after GC invocations=66 (full 5):
 PSYoungGen      total 567296K, used 49442K [0x00000000d5580000, 0x00000000ff900000, 0x0000000100000000)
  eden space 454144K, 0% used [0x00000000d5580000,0x00000000d5580000,0x00000000f1100000)
  from space 113152K, 43% used [0x00000000f1100000,0x00000000f4148810,0x00000000f7f80000)
  to   space 110592K, 0% used [0x00000000f8d00000,0x00000000f8d00000,0x00000000ff900000)
 ParOldGen       total 394752K, used 259134K [0x0000000080000000, 0x0000000098180000, 0x00000000d5580000)
  object space 394752K, 65% used [0x0000000080000000,0x000000008fd0f898,0x0000000098180000)
 Metaspace       used 123088K, capacity 133135K, committed 133416K, reserved 1165312K
  class space    used 15645K, capacity 17336K, committed 17456K, reserved 1048576K
}

